<?xml version="1.0" encoding="UTF-8"?>
<testsuite name="io.ktor.tests.http.FindContainingJarFileTest" tests="3" skipped="0" failures="0" errors="0" timestamp="2018-01-15T04:41:14" hostname="fandeMacBook-Pro.local" time="0.017">
  <properties/>
  <testcase name="testSimpleJar" classname="io.ktor.tests.http.FindContainingJarFileTest" time="0.016"/>
  <testcase name="testEscapedChars" classname="io.ktor.tests.http.FindContainingJarFileTest" time="0.0"/>
  <testcase name="testSimpleJarNoFile" classname="io.ktor.tests.http.FindContainingJarFileTest" time="0.0"/>
  <system-out><![CDATA[]]></system-out>
  <system-err><![CDATA[]]></system-err>
</testsuite>
